# do {AXIS_MULTIPLIER_TB_compile.do}
# Model Technology ModelSim SE-64 vmap 10.6d Lib Mapping Utility 2018.02 Feb 24 2018
# vmap xil_defaultlib modelsim_lib/msim/xil_defaultlib 
# Modifying modelsim.ini
# ** Warning: (vlog-159) Mode option -64 is not supported in this context and will be ignored.
# Model Technology ModelSim SE-64 vlog 10.6d Compiler 2018.02 Feb 24 2018
# Start time: 15:53:32 on Jan 14,2025
# vlog -64 -incr -work xil_defaultlib ../../../../../rtl/axis_control.v 
# -- Compiling module axis_control
# 
# Top level modules:
# 	axis_control
# End time: 15:53:32 on Jan 14,2025, Elapsed time: 0:00:00
# Errors: 0, Warnings: 1
# ** Warning: (vcom-159) Mode option -64 is not supported in this context and will be ignored.
# Model Technology ModelSim SE-64 vcom 10.6d Compiler 2018.02 Feb 24 2018
# Start time: 15:53:32 on Jan 14,2025
# vcom -64 -93 -work xil_defaultlib ../../../../AXIS_MULTIPLIER.srcs/sources_1/bd/AXIS_MULTIPLIER/ip/AXIS_MULTIPLIER_mult_gen_0_0/sim/AXIS_MULTIPLIER_mult_gen_0_0.vhd 
# -- Loading package STANDARD
# -- Loading package TEXTIO
# -- Loading package std_logic_1164
# -- Loading package NUMERIC_STD
# -- Compiling entity AXIS_MULTIPLIER_mult_gen_0_0
# -- Compiling architecture AXIS_MULTIPLIER_mult_gen_0_0_arch of AXIS_MULTIPLIER_mult_gen_0_0
# End time: 15:53:32 on Jan 14,2025, Elapsed time: 0:00:00
# Errors: 0, Warnings: 1
# ** Warning: (vlog-159) Mode option -64 is not supported in this context and will be ignored.
# Model Technology ModelSim SE-64 vlog 10.6d Compiler 2018.02 Feb 24 2018
# Start time: 15:53:32 on Jan 14,2025
# vlog -64 -incr -work xil_defaultlib ../../../../AXIS_MULTIPLIER.srcs/sources_1/bd/AXIS_MULTIPLIER/ip/AXIS_MULTIPLIER_axis_control_0_0/sim/AXIS_MULTIPLIER_axis_control_0_0.v ../../../../AXIS_MULTIPLIER.srcs/sources_1/bd/AXIS_MULTIPLIER/sim/AXIS_MULTIPLIER.v ../../../../AXIS_MULTIPLIER.srcs/sources_1/bd/AXIS_MULTIPLIER/hdl/AXIS_MULTIPLIER_wrapper.v ../../../../../sim/AXIS_MULTIPLIER_TB.v 
# -- Compiling module AXIS_MULTIPLIER_axis_control_0_0
# -- Compiling module AXIS_MULTIPLIER
# -- Compiling module AXIS_MULTIPLIER_wrapper
# -- Compiling module AXIS_MULTIPLIER_TB
# 
# Top level modules:
# 	AXIS_MULTIPLIER_TB
# End time: 15:53:32 on Jan 14,2025, Elapsed time: 0:00:00
# Errors: 0, Warnings: 1
# Model Technology ModelSim SE-64 vlog 10.6d Compiler 2018.02 Feb 24 2018
# Start time: 15:53:32 on Jan 14,2025
# vlog -work xil_defaultlib glbl.v 
# -- Compiling module glbl
# 
# Top level modules:
# 	glbl
# End time: 15:53:32 on Jan 14,2025, Elapsed time: 0:00:00
# Errors: 0, Warnings: 0
