# //  ModelSim SE-64 10.6d Feb 24 2018
# //
# //  Copyright 1991-2018 Mentor Graphics Corporation
# //  All Rights Reserved.
# //
# //  ModelSim SE-64 and its associated documentation contain trade
# //  secrets and commercial or financial information that are the property of
# //  Mentor Graphics Corporation and are privileged, confidential,
# //  and exempt from disclosure under the Freedom of Information Act,
# //  5 U.S.C. Section 552. Furthermore, this information
# //  is prohibited from disclosure under the Trade Secrets Act,
# //  18 U.S.C. Section 1905.
# //
# do {AXIS_MULTIPLIER_TB_simulate.do}
# vsim -voptargs=""+acc"" -L xil_defaultlib -L xbip_utils_v3_0_9 -L xbip_pipe_v3_0_5 -L xbip_bram18k_v3_0_5 -L mult_gen_v12_0_14 -L unisims_ver -L unimacro_ver -L secureip -L xpm -lib xil_defaultlib xil_defaultlib.AXIS_MULTIPLIER_TB xil_defaultlib.glbl 
# Start time: 15:53:45 on Jan 14,2025
# ** Note: (vsim-3812) Design is being optimized...
# Loading work.AXIS_MULTIPLIER_TB(fast)
# Loading work.AXIS_MULTIPLIER_wrapper(fast)
# Loading work.AXIS_MULTIPLIER(fast)
# Loading work.AXIS_MULTIPLIER_axis_control_0_0(fast)
# Loading work.axis_control(fast)
# Loading work.glbl(fast)
# Loading std.standard
# Loading std.textio(body)
# Loading ieee.std_logic_1164(body)
# Loading ieee.numeric_std(body)
# Loading work.axis_multiplier_mult_gen_0_0(axis_multiplier_mult_gen_0_0_arch)#1
# Loading ieee.std_logic_arith(body)
# Loading ieee.std_logic_signed(body)
# Loading ieee.vital_timing(body)
# Loading ieee.vital_primitives(body)
# Loading unisim.vpkg(body)
# Loading unisim.dsp48e2(dsp48e2_v)#1
# ** Warning: (vsim-3015) ../../../../../sim/AXIS_MULTIPLIER_TB.v(116): [PCDPC] - Port size (64) does not match connection size (32) for port 'm_axis_result_0_tdata'. The port definition is at: ../../../../AXIS_MULTIPLIER.srcs/sources_1/bd/AXIS_MULTIPLIER/hdl/AXIS_MULTIPLIER_wrapper.v(14).
#    Time: 0 ps  Iteration: 0  Instance: /AXIS_MULTIPLIER_TB/U_AXIS_MULTIPLIER_wrapper File: ../../../../AXIS_MULTIPLIER.srcs/sources_1/bd/AXIS_MULTIPLIER/hdl/AXIS_MULTIPLIER_wrapper.v
# 1
# 1
# .main_pane.wave.interior.cs.body.pw.wf
# .main_pane.structure.interior.cs.body.struct
# .main_pane.objects.interior.cs.body.tree
run
# End time: 15:57:00 on Jan 14,2025, Elapsed time: 0:03:15
# Errors: 0, Warnings: 1
