Vivado Simulator 2018.3
Copyright 1986-1999, 2001-2018 Xilinx, Inc. All Rights Reserved.
Running: D:/Xilinx/Vivado/2018.3/bin/unwrapped/win64.o/xelab.exe -wto 3648944f77bb4675844c538d428590fa --incr --debug typical --relax --mt 2 -L xil_defaultlib -L xbip_utils_v3_0_9 -L xbip_pipe_v3_0_5 -L xbip_bram18k_v3_0_5 -L mult_gen_v12_0_14 -L unisims_ver -L unimacro_ver -L secureip -L xpm --snapshot AXIS_MULTIPLIER_TB_behav xil_defaultlib.AXIS_MULTIPLIER_TB xil_defaultlib.glbl -log elaborate.log 
Using 2 slave threads.
Starting static elaboration
WARNING: [VRFC 10-3091] actual bit length 32 differs from formal bit length 64 for port 'm_axis_result_0_tdata' [D:/Code_repositories/fpga_code/AXIS_MULTIPLIER/sim/AXIS_MULTIPLIER_TB.v:118]
Completed static elaboration
Starting simulation data flow analysis
WARNING: [XSIM 43-4099] "D:/Code_repositories/fpga_code/AXIS_MULTIPLIER/rtl/axis_control.v" Line 5. Module axis_control doesn't have a timescale but at least one module in design has a timescale.
Completed simulation data flow analysis
Time Resolution for simulation is 1ps
Compiling package std.standard
Compiling package std.textio
Compiling package ieee.std_logic_1164
Compiling package ieee.numeric_std
Compiling package mult_gen_v12_0_14.mult_gen_v12_0_14_viv_comp
Compiling package xbip_utils_v3_0_9.xbip_utils_v3_0_9_pkg
Compiling package mult_gen_v12_0_14.mult_gen_v12_0_14_pkg
Compiling package ieee.std_logic_arith
Compiling package ieee.std_logic_signed
Compiling package unisim.vcomponents
Compiling package mult_gen_v12_0_14.dsp_pkg
Compiling package ieee.vital_timing
Compiling package ieee.vital_primitives
Compiling package unisim.vpkg
Compiling module xil_defaultlib.axis_control
Compiling module xil_defaultlib.AXIS_MULTIPLIER_axis_control_0_0
Compiling architecture xilinx of entity mult_gen_v12_0_14.delay_line [\delay_line(c_xdevicefamily="zyn...]
Compiling architecture xilinx of entity mult_gen_v12_0_14.delay_line [\delay_line(c_xdevicefamily="zyn...]
Compiling architecture xilinx of entity mult_gen_v12_0_14.delay_line [\delay_line(c_xdevicefamily="zyn...]
Compiling architecture dsp48e2_v of entity unisim.DSP48E2 [\DSP48E2(acascreg=0,alumodereg=0...]
Compiling architecture xilinx of entity mult_gen_v12_0_14.delay_line [\delay_line(c_xdevicefamily="zyn...]
Compiling architecture dsp48e2_v of entity unisim.DSP48E2 [\DSP48E2(acascreg=0,alumodereg=0...]
Compiling architecture xilinx of entity mult_gen_v12_0_14.delay_line [\delay_line(c_xdevicefamily="zyn...]
Compiling architecture xilinx of entity mult_gen_v12_0_14.op_resize [\op_resize(ai_width=32,bi_width=...]
Compiling architecture xilinx of entity mult_gen_v12_0_14.dsp [\dsp(c_xdevicefamily="zynquplus"...]
Compiling architecture xilinx of entity mult_gen_v12_0_14.mult_gen_v12_0_14_viv [\mult_gen_v12_0_14_viv(c_verbosi...]
Compiling architecture xilinx of entity mult_gen_v12_0_14.mult_gen_v12_0_14 [\mult_gen_v12_0_14(c_xdevicefami...]
Compiling architecture axis_multiplier_mult_gen_0_0_arch of entity xil_defaultlib.AXIS_MULTIPLIER_mult_gen_0_0 [axis_multiplier_mult_gen_0_0_def...]
Compiling module xil_defaultlib.AXIS_MULTIPLIER
Compiling module xil_defaultlib.AXIS_MULTIPLIER_wrapper
Compiling module xil_defaultlib.AXIS_MULTIPLIER_TB
Compiling module xil_defaultlib.glbl
Built simulation snapshot AXIS_MULTIPLIER_TB_behav
